android-webview/app/build/outputs/mapping/release/seeds.txt
com.example.expenseswrapper.MainActivity
com.example.expenseswrapper.MainActivity$NativeAuthInterface: com.example.expenseswrapper.MainActivity this$0
com.example.expenseswrapper.MainActivity$NativeAuthInterface: void requestGoogleSignIn()
com.example.expenseswrapper.MainActivity$NativeAuthInterface: void requestGoogleSignIn$lambda$0(com.example.expenseswrapper.MainActivity)
com.example.expenseswrapper.MainActivity: MainActivity()
com.example.expenseswrapper.MainActivity$NativeAuthInterface: MainActivity$NativeAuthInterface(com.example.expenseswrapper.MainActivity)
com.example.expenseswrapper.MainActivity$NativeAuthInterface: void signOut()
...
com.google.android.material.textfield.TextInputLayout: float getBoxCornerRadiusBottomEnd()
com.google.android.material.chip.Chip: void setAccessibilityClassName(java.lang.CharSequence)
androidx.appcompat.widget.Toolbar: int getContentInsetStartWithNavigation()
com.google.android.gms.common.api.internal.zaaa: boolean zaw()
com.google.android.gms.common.api.GoogleApi: com.google.android.gms.common.api.Api$ApiOptions getApiOptions()
androidx.core.graphics.drawable.DrawableCompat$Api23Impl: boolean setLayoutDirection(android.graphics.drawable.Drawable,int)
androidx.fragment.app.Fragment: java.lang.Object getEnterTransition()
com.google.android.gms.common.api.internal.zabe: com.google.android.gms.common.api.PendingResult clearDefaultAccountAndReconnect()
androidx.appcompat.widget.AppCompatToggleButton: void setBackgroundResource(int)
androidx.core.view.ViewCompat$Api30Impl: int getImportantForContentCapture(android.view.View)
com.google.android.gms.common.api.internal.zabq: java.util.Map zah()
androidx.constraintlayout.solver.widgets.ConstraintAnchor$Type: androidx.constraintlayout.solver.widgets.ConstraintAnchor$Type[] values()
com.google.android.gms.common.api.UnsupportedApiCallException: java.lang.String getMessage()
androidx.appcompat.widget.AppCompatImageView: android.content.res.ColorStateList getSupportImageTintList()
androidx.fragment.app.Fragment: void onRequestPermissionsResult(int,java.lang.String[],int[])
com.google.android.material.button.MaterialButton: int getStrokeWidth()
androidx.appcompat.widget.AppCompatCheckedTextView: void setSupportBackgroundTintMode(android.graphics.PorterDuff$Mode)
com.google.android.gms.common.api.internal.zap: void zah(com.google.android.gms.common.ConnectionResult,int)
com.google.android.gms.common.api.internal.zabu: zabu(com.google.android.gms.common.api.internal.GoogleApiManager,com.google.android.gms.common.api.Api$Client,com.google.android.gms.common.api.internal.ApiKey)
com.google.android.material.floatingactionbutton.FloatingActionButton$BaseBehavior: FloatingActionButton$BaseBehavior(android.content.Context,android.util.AttributeSet)
com.google.android.gms.common.api.internal.zabq: void zak(com.google.android.gms.common.api.internal.zabq,int)
androidx.fragment.app.Fragment: android.view.View getAnimatingAway()
androidx.appcompat.widget.AppCompatAutoCompleteTextView: android.content.res.ColorStateList getSupportCompoundDrawablesTintList()
androidx.core.app.ComponentActivity: boolean superDispatchKeyEvent(android.view.KeyEvent)
androidx.appcompat.widget.ViewUtils$Api29Impl: void computeFitSystemWindows(android.view.View,android.graphics.Rect,android.graphics.Rect)
androidx.activity.ComponentActivity: void addMenuProvider(androidx.core.view.MenuProvider,androidx.lifecycle.LifecycleOwner,androidx.lifecycle.Lifecycle$State)
com.google.android.gms.common.api.Api$Client: android.content.Intent getSignInIntent()
com.google.android.material.button.MaterialButton: void setInsetTop(int)
com.google.android.material.ripple.RippleUtils$RippleUtilsLollipop: android.graphics.drawable.Drawable createOvalRipple(android.content.Context,int)
androidx.appcompat.widget.AppCompatCheckBox: void setSupportBackgroundTintMode(android.graphics.PorterDuff$Mode)
com.google.android.gms.common.api.internal.DataHolderResult: DataHolderResult(com.google.android.gms.common.data.DataHolder)
androidx.lifecycle.ReportFragment$LifecycleCallbacks: void onActivityPostResumed(android.app.Activity)
com.google.android.gms.common.api.internal.PendingResultFacade: com.google.android.gms.common.api.TransformedResult then(com.google.android.gms.common.api.ResultTransform)
androidx.core.view.ViewConfigurationCompat$Api34Impl: int getScaledMaximumFlingVelocity(android.view.ViewConfiguration,int,int,int)
com.google.android.gms.auth.api.signin.internal.zbf: zbf(com.google.android.gms.auth.api.signin.internal.zbg)