android-webview/app/build/outputs/mapping/release/mapping.txt
# compiler: R8
# compiler_version: 8.5.35
# min_api: 24
# common_typos_disable
# {"id":"com.android.tools.r8.mapping","version":"2.2"}
# pg_map_id: a90aabc
# pg_map_hash: SHA-256 a90aabc1fe91bf77f694ff8c2dd5974775af4f6267cfce29f891651898e5efe2
com.example.expenseswrapper.MainActivity -> com.example.expenseswrapper.MainActivity:
# {"id":"sourceFile","fileName":"MainActivity.kt"}
    android.webkit.WebView webView -> b
    com.google.android.gms.auth.api.signin.GoogleSignInClient googleClient -> c
    int $r8$clinit -> d
      # {"id":"com.android.tools.r8.synthesized"}
    1:3:void androidx.appcompat.app.AppCompatActivity.<init>():0:0 -> <init>
    1:3:void <init>():0 -> <init>
    4:26:void androidx.appcompat.app.AppCompatActivity.initDelegate():0:0 -> <init>
    4:26:void androidx.appcompat.app.AppCompatActivity.<init>():0 -> <init>
    4:26:void <init>():0 -> <init>
    99:101:void com.example.expenseswrapper.MainActivity$onCreate$2.<init>():0:0 -> onCreate
    99:101:void onCreate(android.os.Bundle):0 -> onCreate
    102:110:void onCreate(android.os.Bundle):0:0 -> onCreate
    111:113:void com.example.expenseswrapper.MainActivity$onCreate$3.<init>():0:0 -> onCreate
    111:113:void onCreate(android.os.Bundle):0 -> onCreate
    114:130:void onCreate(android.os.Bundle):0:0 -> onCreate
    131:135:void initGoogleClient():0:0 -> onCreate
    131:135:void onCreate(android.os.Bundle):0 -> onCreate
    136:239:void logSigningSha1():0:0 -> onCreate
    136:239:void initGoogleClient():0 -> onCreate
    136:239:void onCreate(android.os.Bundle):0 -> onCreate
    240:255:void initGoogleClient():0:0 -> onCreate
    240:255:void onCreate(android.os.Bundle):0 -> onCreate
com.example.expenseswrapper.MainActivity$$ExternalSyntheticLambda2 -> com.example.expenseswrapper.a:
# {"id":"sourceFile","fileName":"R8$$SyntheticClass"}
# {"id":"com.android.tools.r8.synthesized"}
    int $r8$classId -> a
      # {"id":"com.android.tools.r8.synthesized"}
    com.example.expenseswrapper.MainActivity com.example.expenseswrapper.MainActivity$$InternalSyntheticLambda$1$5ca14dfa811f478a7695d2eae4b68adcfec1be3c9c97c3213ed1876727f776a9$0.f$0 -> b
      # {"id":"com.android.tools.r8.synthesized"}
    java.lang.String com.example.expenseswrapper.MainActivity$$InternalSyntheticLambda$1$5ca14dfa811f478a7695d2eae4b68adcfec1be3c9c97c3213ed1876727f776a9$0.f$1 -> c
      # {"id":"com.android.tools.r8.synthesized"}
    1:1:void <init>(com.example.expenseswrapper.MainActivity,java.lang.String,int):0:0 -> <init>
      # {"id":"com.android.tools.r8.synthesized"}
    19:36:void com.example.expenseswrapper.MainActivity.initGoogleClient$lambda$2$lambda$1(com.example.expenseswrapper.MainActivity,java.lang.String):0:0 -> run
    19:36:void run():0 -> run
      # {"id":"com.android.tools.r8.synthesized"}
    37:38:void run():0:0 -> run
    39:56:void com.example.expenseswrapper.MainActivity.onActivityResult$lambda$4(com.example.expenseswrapper.MainActivity,java.lang.String):0:0 -> run
    39:56:void run():0 -> run
com.example.expenseswrapper.MainActivity$NativeAuthInterface -> com.example.expenseswrapper.b:
# {"id":"sourceFile","fileName":"MainActivity.kt"}
    1:1:void $r8$lambda$T1iHvUutsBPswiVQcXMm7GqrHaE(com.example.expenseswrapper.MainActivity):0:0 -> a
      # {"id":"com.android.tools.r8.synthesized"}
    6:9:com.google.android.gms.auth.api.signin.GoogleSignInClient com.example.expenseswrapper.MainActivity.access$getGoogleClient$p(com.example.expenseswrapper.MainActivity):0:0 -> requestGoogleSignIn$lambda$0
    6:9:void requestGoogleSignIn$lambda$0(com.example.expenseswrapper.MainActivity):0 -> requestGoogleSignIn$lambda$0
    10:31:void requestGoogleSignIn$lambda$0(com.example.expenseswrapper.MainActivity):0:0 -> requestGoogleSignIn$lambda$0
    3:6:com.google.android.gms.auth.api.signin.GoogleSignInClient com.example.expenseswrapper.MainActivity.access$getGoogleClient$p(com.example.expenseswrapper.MainActivity):0:0 -> signOut
    3:6:void signOut():0 -> signOut
    7:17:void signOut():0:0 -> signOut
com.example.expenseswrapper.MainActivity$logSigningSha1$1$sha1$1 -> R8$$REMOVED$$CLASS$$107:
# {"id":"sourceFile","fileName":"MainActivity.kt"}
...
com.google.android.gms.common.internal.service.Common -> l0.a:
# {"id":"sourceFile","fileName":"com.google.android.gms:play-services-base@@18.3.0"}
    com.google.android.gms.common.api.Api$ClientKey CLIENT_KEY -> a
    com.google.android.gms.common.api.Api API -> b
    com.google.android.gms.common.internal.service.zae zaa -> c
      # {"id":"com.android.tools.r8.residualsignature","signature":"Ll0/f;"}
    10:12:void com.google.android.gms.common.internal.service.zab.<init>():0:0 -> <clinit>
    10:12:void <clinit>():0 -> <clinit>
    13:23:void <clinit>():0:0 -> <clinit>
    24:26:void com.google.android.gms.common.internal.service.zae.<init>():0:0 -> <clinit>
    24:26:void <clinit>():0 -> <clinit>
    27:29:void <clinit>():0:0 -> <clinit>
com.google.android.gms.common.internal.service.zaa -> l0.b:
# {"id":"sourceFile","fileName":"com.google.android.gms:play-services-base@@18.3.0"}
    4:13:boolean com.google.android.gms.common.internal.service.zaj.zaa(int,android.os.Parcel,android.os.Parcel,int):0:0 -> zaa
    14:26:void com.google.android.gms.common.internal.service.zad.zab(int):0:0 -> zaa
    14:26:boolean com.google.android.gms.common.internal.service.zaj.zaa(int,android.os.Parcel,android.os.Parcel,int):0 -> zaa
com.google.android.gms.common.internal.service.zab -> l0.c:
# {"id":"sourceFile","fileName":"com.google.android.gms:play-services-base@@18.3.0"}
    13:16:void com.google.android.gms.common.internal.GmsClient.<init>(android.content.Context,android.os.Looper,int,com.google.android.gms.common.internal.ClientSettings,com.google.android.gms.common.api.GoogleApiClient$ConnectionCallbacks,com.google.android.gms.common.api.GoogleApiClient$OnConnectionFailedListener):0:0 -> buildClient
    13:16:void com.google.android.gms.common.internal.service.zah.<init>(android.content.Context,android.os.Looper,com.google.android.gms.common.internal.ClientSettings,com.google.android.gms.common.api.GoogleApiClient$ConnectionCallbacks,com.google.android.gms.common.api.GoogleApiClient$OnConnectionFailedListener):0 -> buildClient
    13:16:com.google.android.gms.common.api.Api$Client buildClient(android.content.Context,android.os.Looper,com.google.android.gms.common.internal.ClientSettings,java.lang.Object,com.google.android.gms.common.api.GoogleApiClient$ConnectionCallbacks,com.google.android.gms.common.api.GoogleApiClient$OnConnectionFailedListener):0 -> buildClient
com.google.android.gms.common.internal.service.zac -> l0.d:
# {"id":"sourceFile","fileName":"com.google.android.gms:play-services-base@@18.3.0"}
    14:17:void com.google.android.gms.common.internal.service.zal.zae(com.google.android.gms.common.internal.service.zak):0:0 -> doExecute
    14:17:void doExecute(com.google.android.gms.common.api.Api$AnyClient):0 -> doExecute
      # {"id":"com.android.tools.r8.rewriteFrame","conditions":["throws(Ljava/lang/NullPointerException;)"],"actions":["removeInnerFrames(1)"]}
    18:19:void com.google.android.gms.common.internal.service.zal.zae(com.google.android.gms.common.internal.service.zak):0:0 -> doExecute
    18:19:void doExecute(com.google.android.gms.common.api.Api$AnyClient):0 -> doExecute
    20:27:void com.google.android.gms.internal.base.zac.zad(android.os.Parcel,android.os.IInterface):0:0 -> doExecute
    20:27:void com.google.android.gms.common.internal.service.zal.zae(com.google.android.gms.common.internal.service.zak):0 -> doExecute
    20:27:void doExecute(com.google.android.gms.common.api.Api$AnyClient):0 -> doExecute
    28:31:void com.google.android.gms.common.internal.service.zal.zae(com.google.android.gms.common.internal.service.zak):0:0 -> doExecute
    28:31:void doExecute(com.google.android.gms.common.api.Api$AnyClient):0 -> doExecute