android-webview/app/build/outputs/mapping/release/usage.txt
com.example.expenseswrapper.BuildConfig
com.example.expenseswrapper.MainActivity:
    private static final int RC_SIGN_IN
com.example.expenseswrapper.R$id:
    private void <init>()
com.example.expenseswrapper.R$layout:
    private void <init>()
com.example.expenseswrapper.R$string
com.example.expenseswrapper.R
com.example.expenseswrapper.MainActivity$Companion
com.example.expenseswrapper.MainActivity$logSigningSha1$1$sha1$1
com.example.expenseswrapper.MainActivity$onCreate$2$$InternalSyntheticLambda$2$59c86844a22b932448302f6e96f2f51b8ffc268e206a8d7d67861082c678fe29$1:
    public final synthetic java.lang.String f$1
com.example.expenseswrapper.MainActivity:
    public static final com.example.expenseswrapper.MainActivity$Companion Companion
    static void <clinit>()
    public static void initGoogleClient()
    public static void logSigningSha1()
com.example.expenseswrapper.R$id
com.example.expenseswrapper.R$layout
...
androidx.recyclerview.widget.LinearSmoothScroller:
    public final int calculateTimeForDeceleration(int)
    public static int clampApplyScroll(int,int)
    public static android.view.View findViewByPosition()
    public static int getChildCount()
    public final int getChildPosition(android.view.View)
    public static int getHorizontalSnapPreference()
    public static androidx.recyclerview.widget.RecyclerView$LayoutManager getLayoutManager()
    public static float getSpeedPerPixel()
    public static int getTargetPosition()
    public static int getVerticalSnapPreference()
    public static boolean isPendingInitialRun()
    public static boolean isRunning()
    public static void normalize()
    public static void onChildAttachedToWindow()
    public static void onSeekTargetStep()
    public static void onStart()
    public static void onStop()
    public static void setTargetPosition()
    public static void start()
    public static void updateActionForInterimTarget()
androidx.recyclerview.widget.OpReorderer$Callback
androidx.recyclerview.widget.OpReorderer:
    public static int getLastMoveOutOfOrder()
    public static void reorderOps()
    public static void swapMoveAdd()
    public static void swapMoveOp()
    public static void swapMoveRemove()
    public static void swapMoveUpdate()
androidx.recyclerview.widget.OrientationHelper:
    public static androidx.recyclerview.widget.OrientationHelper$1 createHorizontalHelper(androidx.recyclerview.widget.RecyclerView$LayoutManager)
    public static androidx.recyclerview.widget.OrientationHelper$2 createVerticalHelper(androidx.recyclerview.widget.RecyclerView$LayoutManager)
    public abstract void onLayoutComplete()
androidx.recyclerview.widget.PagerSnapHelper:
    public android.widget.Scroller mGravityScroller
    public static void attachToRecyclerView()
    public static androidx.recyclerview.widget.LinearSmoothScroller createScroller()
    public static androidx.recyclerview.widget.LinearSmoothScroller createSnapScroller()
    public static void destroyCallbacks()
    public static android.view.View findSnapView()
    public static int findTargetSnapPosition()
    public static androidx.recyclerview.widget.OrientationHelper getOrientationHelper()
    public static boolean isForwardFling()
    public static boolean isReverseLayout()
    public final boolean onFling()
    public static void setupCallbacks()
    public static boolean snapFromFling()
androidx.recyclerview.widget.RecyclerView$$InternalSyntheticThrowCCEIfNotNull$11$25afd68fa2348859b7543da3a4a459d8c399b73922bc144b750ebd2ecb97ea96$0
androidx.recyclerview.widget.RecyclerView$$InternalSyntheticThrowCCEIfNotNull$11$d0c8fb5152f7346534634e64c58a01049944a6d1492d1200890f23d1433c266c$0
androidx.recyclerview.widget.RecyclerView$1
androidx.recyclerview.widget.RecyclerView$4:
    public static void processPersistent()
    public final void unused(androidx.recyclerview.widget.RecyclerView$ViewHolder)
androidx.recyclerview.widget.RecyclerView$5:
    public static void addView()
    public static void attachViewToParent()
    public static void detachViewFromParent()
    public static android.view.View getChildAt()
    public static int getChildCount()
    public static androidx.recyclerview.widget.RecyclerView$ViewHolder getChildViewHolder()
    public static int indexOfChild()
    public static void onEnteredHiddenState()
    public final void onLeftHiddenState(android.view.View)
    public static void removeAllViews()
androidx.recyclerview.widget.RecyclerView$6:
    public final void offsetPositionsForRemovingInvisible(int,int)
    public static void offsetPositionsForRemovingLaidOutOrNewView()
    public static void onDispatchFirstPass()
    public static void onDispatchSecondPass()